
ROM used: 700 (9%)
          700 (9%) including unused fragments

          1 Average locations per line
          5 Average locations per statement

RAM used: 43 (12%) at main() level
          52 (14%) worst case

Stack used: 4 worst case (out of 8 total available)

Lines Stmts  %   Files
----- ----- ---  -----
  103    86  58  main.c
  309     0   0  C:\Program Files (x86)\PICC\devices\16F877A.h
  178    63  42  C:\Program Files (x86)\PICC\drivers\lcd.c
----- -----
  590   149 Total

Page ROM  %  RAM   Vol Diff  Functions:
---- --- --- ---   --- ----  ----------
0     20   3   1             @delay_ms1
0      8   1   0             @const55
 Inline        3   463  4.3  lcd_read_byte
0     13   2   1   134  2.2  lcd_send_nibble
0     58   8   3   317  4.3  lcd_send_byte
0     44   6   2   422  4.7  lcd_init
0     18   3   4   186  5.5  lcd_gotoxy
0     37   5   1   272  4.1  lcd_putc
0     19   3   0   108  1.7  start_signal
0     23   3   0   106  2.5  check_response
0     75  11   4   662  7.6  Read_Data
0    290  41   3  1586  6.8  MAIN
0     14   2   0             @const99
0     21   3   3             @DIV88
0     20   3   0             @const103
0     16   2   0             @const104
0     20   3   0             @const105

Program metrics:
    Functions               10
    Statements              149
    Comments                161
    Volume (V)              6454
    Difficilty (D)          43.1
    Effort to implement (E) 278502
    Time to implement (T)   4 hours, 18 minutes
    Est Delivered Bugs (B)  1
    Cyclomatic Complexity   17
    Maintainability (MI)    90

 Segment     Used  Free
-----------  ----  ----
00000-00003     4  0  
00004-007FF   696  1348  
00800-00FFF     0  2048  
01000-017FF     0  2048  
01800-01FFF     0  2048  



