Added Component: Designator=C4(CP1.5/3.4)
Add component (AddParameter): Name = "Description 1"; Value = "1000uF/6,3V - 470uF/16V - 330uF - 25V"; VariantName = "[No Variations]"
Add component (AddParameter): Name = "Description 2"; Value = "220uF/35V - 100uF/50V - 63V - 4,7uF/200V"; VariantName = "[No Variations]"
Add component (AddParameter): Name = "Description 3"; Value = "22uF => 33uF100V - 3,3uF => 4,7uF/250V"; VariantName = "[No Variations]"
Add component (AddParameter): Name = "Description 4"; Value = "2,2uF =>3,3uF/350 - 2,2uF/400V - 1uF/450V"; VariantName = "[No Variations]"
Add component (AddParameter): Name = "Value"; Value = "100uF/35V/50V"; VariantName = "[No Variations]"
Added Component: Designator=C20(CP1.5/3.4)
Add component (AddParameter): Name = "Description 1"; Value = "1000uF/6,3V - 470uF/16V - 330uF - 25V"; VariantName = "[No Variations]"
Add component (AddParameter): Name = "Description 2"; Value = "220uF/35V - 100uF/50V - 63V - 4,7uF/200V"; VariantName = "[No Variations]"
Add component (AddParameter): Name = "Description 3"; Value = "22uF => 33uF100V - 3,3uF => 4,7uF/250V"; VariantName = "[No Variations]"
Add component (AddParameter): Name = "Description 4"; Value = "2,2uF =>3,3uF/350 - 2,2uF/400V - 1uF/450V"; VariantName = "[No Variations]"
Add component (AddParameter): Name = "Value"; Value = "100uF/35V/50V"; VariantName = "[No Variations]"
Added Component: Designator=C21(CP1.5/3.4)
Add component (AddParameter): Name = "Description 1"; Value = "1000uF/6,3V - 470uF/16V - 330uF - 25V"; VariantName = "[No Variations]"
Add component (AddParameter): Name = "Description 2"; Value = "220uF/35V - 100uF/50V - 63V - 4,7uF/200V"; VariantName = "[No Variations]"
Add component (AddParameter): Name = "Description 3"; Value = "22uF => 33uF100V - 3,3uF => 4,7uF/250V"; VariantName = "[No Variations]"
Add component (AddParameter): Name = "Description 4"; Value = "2,2uF =>3,3uF/350 - 2,2uF/400V - 1uF/450V"; VariantName = "[No Variations]"
Add component (AddParameter): Name = "Value"; Value = "100uF/35V/50V"; VariantName = "[No Variations]"
Added Component: Designator=C22(CN2)
Add component (AddParameter): Name = "Value"; Value = "0.1uF"; VariantName = "[No Variations]"
Added Component: Designator=C23(CP1.5/3.4)
Add component (AddParameter): Name = "Description 1"; Value = "1000uF/6,3V - 470uF/16V - 330uF - 25V"; VariantName = "[No Variations]"
Add component (AddParameter): Name = "Description 2"; Value = "220uF/35V - 100uF/50V - 63V - 4,7uF/200V"; VariantName = "[No Variations]"
Add component (AddParameter): Name = "Description 3"; Value = "22uF => 33uF100V - 3,3uF => 4,7uF/250V"; VariantName = "[No Variations]"
Add component (AddParameter): Name = "Description 4"; Value = "2,2uF =>3,3uF/350 - 2,2uF/400V - 1uF/450V"; VariantName = "[No Variations]"
Add component (AddParameter): Name = "Value"; Value = "100uF/35V/50V"; VariantName = "[No Variations]"
Added Component: Designator=C24(CP1.5/3.4)
Add component (AddParameter): Name = "Description 1"; Value = "1000uF/6,3V - 470uF/16V - 330uF - 25V"; VariantName = "[No Variations]"
Add component (AddParameter): Name = "Description 2"; Value = "220uF/35V - 100uF/50V - 63V - 4,7uF/200V"; VariantName = "[No Variations]"
Add component (AddParameter): Name = "Description 3"; Value = "22uF => 33uF100V - 3,3uF => 4,7uF/250V"; VariantName = "[No Variations]"
Add component (AddParameter): Name = "Description 4"; Value = "2,2uF =>3,3uF/350 - 2,2uF/400V - 1uF/450V"; VariantName = "[No Variations]"
Add component (AddParameter): Name = "Value"; Value = "100uF/35V/50V"; VariantName = "[No Variations]"
Added Component: Designator=C25(CN2)
Add component (AddParameter): Name = "Value"; Value = "0.1uF"; VariantName = "[No Variations]"
Added Component: Designator=C27(CN2)
Add component (AddParameter): Name = "Value"; Value = "0.1uF"; VariantName = "[No Variations]"
Added Component: Designator=C28(CP1.5/3.4)
Add component (AddParameter): Name = "Description 1"; Value = "1000uF/6,3V - 470uF/16V - 330uF - 25V"; VariantName = "[No Variations]"
Add component (AddParameter): Name = "Description 2"; Value = "220uF/35V - 100uF/50V - 63V - 4,7uF/200V"; VariantName = "[No Variations]"
Add component (AddParameter): Name = "Description 3"; Value = "22uF => 33uF100V - 3,3uF => 4,7uF/250V"; VariantName = "[No Variations]"
Add component (AddParameter): Name = "Description 4"; Value = "2,2uF =>3,3uF/350 - 2,2uF/400V - 1uF/450V"; VariantName = "[No Variations]"
Add component (AddParameter): Name = "Value"; Value = "100uF/35V/50V"; VariantName = "[No Variations]"
Added Component: Designator=C29(CP1.5/3.4)
Add component (AddParameter): Name = "Description 1"; Value = "1000uF/6,3V - 470uF/16V - 330uF - 25V"; VariantName = "[No Variations]"
Add component (AddParameter): Name = "Description 2"; Value = "220uF/35V - 100uF/50V - 63V - 4,7uF/200V"; VariantName = "[No Variations]"
Add component (AddParameter): Name = "Description 3"; Value = "22uF => 33uF100V - 3,3uF => 4,7uF/250V"; VariantName = "[No Variations]"
Add component (AddParameter): Name = "Description 4"; Value = "2,2uF =>3,3uF/350 - 2,2uF/400V - 1uF/450V"; VariantName = "[No Variations]"
Add component (AddParameter): Name = "Value"; Value = "100uF/35V/50V"; VariantName = "[No Variations]"
Added Component: Designator=D3(D1A)
Add component (AddParameter): Name = "Value"; Value = "1N4007"; VariantName = "[No Variations]"
Added Component: Designator=D4(D1A)
Add component (AddParameter): Name = "Value"; Value = "1N4007"; VariantName = "[No Variations]"
Added Component: Designator=D5(D1A)
Add component (AddParameter): Name = "Value"; Value = "1N4007"; VariantName = "[No Variations]"
Added Component: Designator=D6(D1A)
Add component (AddParameter): Name = "Value"; Value = "1N4007"; VariantName = "[No Variations]"
Added Component: Designator=D8(D1A)
Add component (AddParameter): Name = "Value"; Value = "1N4007"; VariantName = "[No Variations]"
Added Component: Designator=D13(D1A)
Add component (AddParameter): Name = "Value"; Value = "1N4007"; VariantName = "[No Variations]"
Added Component: Designator=D14(D1A)
Add component (AddParameter): Name = "Value"; Value = "1N4007"; VariantName = "[No Variations]"
Added Component: Designator=D15(D1A)
Add component (AddParameter): Name = "Value"; Value = "1N4007"; VariantName = "[No Variations]"
Added Component: Designator=D16(D1A)
Add component (AddParameter): Name = "Value"; Value = "1N4007"; VariantName = "[No Variations]"
Added Component: Designator=D17(D1A)
Add component (AddParameter): Name = "Value"; Value = "1N4007"; VariantName = "[No Variations]"
Added Component: Designator=D18(D1A)
Add component (AddParameter): Name = "Value"; Value = "1N4007"; VariantName = "[No Variations]"
Added Component: Designator=D19(D1A)
Add component (AddParameter): Name = "Value"; Value = "1N4007"; VariantName = "[No Variations]"
Added Component: Designator=D20(D1A)
Add component (AddParameter): Name = "Value"; Value = "1N4007"; VariantName = "[No Variations]"
Added Component: Designator=HD1(HED2)
Add component (AddParameter): Name = "Value"; Value = "Header 2"; VariantName = "[No Variations]"
Added Component: Designator=HD2(HED2)
Add component (AddParameter): Name = "Value"; Value = "Header 2"; VariantName = "[No Variations]"
Added Component: Designator=IC1(QTO-220)
Add component (AddParameter): Name = "Value"; Value = "LM7805"; VariantName = "[No Variations]"
Added Component: Designator=IC2(QTO-220)
Add component (AddParameter): Name = "Value"; Value = "LM7905"; VariantName = "[No Variations]"
Added Component: Designator=IC3(QTO-220)
Add component (AddParameter): Name = "Value"; Value = "LM7805"; VariantName = "[No Variations]"
Added Component: Designator=Noi TB1(CON12)
Add component (AddParameter): Name = "Value"; Value = "Connector 12"; VariantName = "[No Variations]"
Added Component: Designator=Noi VXL1(CON12)
Add component (AddParameter): Name = "Value"; Value = "Connector 12"; VariantName = "[No Variations]"
Added Component: Designator=Q1(QTO-92)
Add component (AddParameter): Name = "Value"; Value = "C1815"; VariantName = "[No Variations]"
Added Component: Designator=Q2(QTO-92)
Add component (AddParameter): Name = "Value"; Value = "C1815"; VariantName = "[No Variations]"
Added Component: Designator=Q3(QTO-92)
Add component (AddParameter): Name = "Value"; Value = "C1815"; VariantName = "[No Variations]"
Added Component: Designator=Q4(QTO-92)
Add component (AddParameter): Name = "Value"; Value = "C1815"; VariantName = "[No Variations]"
Added Component: Designator=Q5(QTO-92)
Add component (AddParameter): Name = "Value"; Value = "C1815"; VariantName = "[No Variations]"
Added Component: Designator=Q6(QTO-92)
Add component (AddParameter): Name = "Value"; Value = "C1815"; VariantName = "[No Variations]"
Added Component: Designator=R1(R1/4W)
Add component (AddParameter): Name = "Value"; Value = "R1/4W - 1K"; VariantName = "[No Variations]"
Added Component: Designator=R2(R1/4W)
Add component (AddParameter): Name = "Value"; Value = "R1/4W - 1K"; VariantName = "[No Variations]"
Added Component: Designator=R3(R1/4W)
Add component (AddParameter): Name = "Value"; Value = "R1/4W - 1K"; VariantName = "[No Variations]"
Added Component: Designator=R4(R1/4W)
Add component (AddParameter): Name = "Value"; Value = "R1/4W - 1K"; VariantName = "[No Variations]"
Added Component: Designator=R5(R1/4W)
Add component (AddParameter): Name = "Value"; Value = "R1/4W - 1K"; VariantName = "[No Variations]"
Added Component: Designator=R6(R1/4W)
Add component (AddParameter): Name = "Value"; Value = "R1/4W - 1K"; VariantName = "[No Variations]"
Added Component: Designator=R7(R1/4W)
Add component (AddParameter): Name = "Value"; Value = "R1/4W - 1K"; VariantName = "[No Variations]"
Added Component: Designator=R8(R1/4W)
Add component (AddParameter): Name = "Value"; Value = "R1/4W - 1K"; VariantName = "[No Variations]"
Added Component: Designator=R9(R1/4W)
Add component (AddParameter): Name = "Value"; Value = "R1/4W - 1K"; VariantName = "[No Variations]"
Added Component: Designator=R10(R1/4W)
Add component (AddParameter): Name = "Value"; Value = "R1/4W - 1K"; VariantName = "[No Variations]"
Added Component: Designator=R11(R1/4W)
Add component (AddParameter): Name = "Value"; Value = "R1/4W - 1K"; VariantName = "[No Variations]"
Added Component: Designator=R12(R1/4W)
Add component (AddParameter): Name = "Value"; Value = "R1/4W - 1K"; VariantName = "[No Variations]"
Added Component: Designator=R13(R1/4W)
Add component (AddParameter): Name = "Value"; Value = "R1/4W - 1K"; VariantName = "[No Variations]"
Added Component: Designator=R15(R1/4W)
Add component (AddParameter): Name = "Value"; Value = "R1/4W - 1K"; VariantName = "[No Variations]"
Added Component: Designator=R16(R1/4W)
Add component (AddParameter): Name = "Value"; Value = "R1/4W - 1K"; VariantName = "[No Variations]"
Added Component: Designator=R17(R1/4W)
Add component (AddParameter): Name = "Value"; Value = "R1/4W - 1K"; VariantName = "[No Variations]"
Added Component: Designator=R18(R1/4W)
Add component (AddParameter): Name = "Value"; Value = "R1/4W - 1K"; VariantName = "[No Variations]"
Added Component: Designator=R19(R1/4W)
Add component (AddParameter): Name = "Value"; Value = "R1/4W - 1K"; VariantName = "[No Variations]"
Added Component: Designator=R20(R1/4W)
Add component (AddParameter): Name = "Value"; Value = "R1/4W - 1K"; VariantName = "[No Variations]"
Added Component: Designator=R21(R1/4W)
Add component (AddParameter): Name = "Value"; Value = "R1/4W - 1K"; VariantName = "[No Variations]"
Added Component: Designator=R22(R1/4W)
Add component (AddParameter): Name = "Value"; Value = "R1/4W - 1K"; VariantName = "[No Variations]"
Added Component: Designator=R23(R1/4W)
Add component (AddParameter): Name = "Value"; Value = "R1/4W - 1K"; VariantName = "[No Variations]"
Added Component: Designator=R24(R1/4W)
Add component (AddParameter): Name = "Value"; Value = "R1/4W - 1K"; VariantName = "[No Variations]"
Added Component: Designator=R25(R1/4W)
Add component (AddParameter): Name = "Value"; Value = "R1/4W - 1K"; VariantName = "[No Variations]"
Added Component: Designator=R26(R1/4W)
Add component (AddParameter): Name = "Value"; Value = "R1/4W - 1K"; VariantName = "[No Variations]"
Added Component: Designator=R27(R1/4W)
Add component (AddParameter): Name = "Value"; Value = "R1/4W - 1K"; VariantName = "[No Variations]"
Added Component: Designator=R28(R1/4W)
Add component (AddParameter): Name = "Value"; Value = "R1/4W - 1K"; VariantName = "[No Variations]"
Added Component: Designator=R29(R1/4W)
Add component (AddParameter): Name = "Value"; Value = "R1/4W - 1K"; VariantName = "[No Variations]"
Added Component: Designator=R30(R1/4W)
Add component (AddParameter): Name = "Value"; Value = "R1/4W - 1K"; VariantName = "[No Variations]"
Added Component: Designator=R31(R1/4W)
Add component (AddParameter): Name = "Value"; Value = "R1/4W - 1K"; VariantName = "[No Variations]"
Added Component: Designator=R32(R1/4W)
Add component (AddParameter): Name = "Value"; Value = "R1/4W - 1K"; VariantName = "[No Variations]"
Added Component: Designator=R33(R1/4W)
Add component (AddParameter): Name = "Value"; Value = "R1/4W - 1K"; VariantName = "[No Variations]"
Added Component: Designator=R34(R1/4W)
Add component (AddParameter): Name = "Value"; Value = "R1/4W - 1K"; VariantName = "[No Variations]"
Added Component: Designator=R35(R1/4W)
Add component (AddParameter): Name = "Value"; Value = "R1/4W - 1K"; VariantName = "[No Variations]"
Added Component: Designator=R36(R1/4W)
Add component (AddParameter): Name = "Value"; Value = "R1/4W - 1K"; VariantName = "[No Variations]"
Added Component: Designator=R37(R1/4W)
Add component (AddParameter): Name = "Value"; Value = "R1/4W - 1K"; VariantName = "[No Variations]"
Added Component: Designator=R38(R1/4W)
Add component (AddParameter): Name = "Value"; Value = "R1/4W - 1K"; VariantName = "[No Variations]"
Added Component: Designator=R39(R1/4W)
Add component (AddParameter): Name = "Value"; Value = "R1/4W - 1K"; VariantName = "[No Variations]"
Added Component: Designator=R40(R1/4W)
Add component (AddParameter): Name = "Value"; Value = "R1/4W - 1K"; VariantName = "[No Variations]"
Added Component: Designator=R41(R1/4W)
Add component (AddParameter): Name = "Value"; Value = "R1/4W - 1K"; VariantName = "[No Variations]"
Added Component: Designator=R42(R1/4W)
Add component (AddParameter): Name = "Value"; Value = "R1/4W - 1K"; VariantName = "[No Variations]"
Added Component: Designator=R43(R1/4W)
Add component (AddParameter): Name = "Value"; Value = "R1/4W - 1K"; VariantName = "[No Variations]"
Added Component: Designator=R44(R1/4W)
Add component (AddParameter): Name = "Value"; Value = "R1/4W - 1K"; VariantName = "[No Variations]"
Added Component: Designator=R45(R1/4W)
Add component (AddParameter): Name = "Value"; Value = "R1/4W - 1K"; VariantName = "[No Variations]"
Added Component: Designator=R46(R1/4W)
Add component (AddParameter): Name = "Value"; Value = "R1/4W - 1K"; VariantName = "[No Variations]"
Added Component: Designator=R47(R1/4W)
Add component (AddParameter): Name = "Value"; Value = "R1/4W - 1K"; VariantName = "[No Variations]"
Added Component: Designator=R48(R1/4W)
Add component (AddParameter): Name = "Value"; Value = "R1/4W - 1K"; VariantName = "[No Variations]"
Added Component: Designator=R49(R1/4W)
Add component (AddParameter): Name = "Value"; Value = "R1/4W - 1K"; VariantName = "[No Variations]"
Added Component: Designator=R50(R1/4W)
Add component (AddParameter): Name = "Value"; Value = "R1/4W - 1K"; VariantName = "[No Variations]"
Added Component: Designator=R51(R1/4W)
Add component (AddParameter): Name = "Value"; Value = "R1/4W - 1K"; VariantName = "[No Variations]"
Added Component: Designator=R52(R1/4W)
Add component (AddParameter): Name = "Value"; Value = "R1/4W - 1K"; VariantName = "[No Variations]"
Added Component: Designator=R53(R1/4W)
Add component (AddParameter): Name = "Value"; Value = "R1/4W - 1K"; VariantName = "[No Variations]"
Added Component: Designator=R54(R1/4W)
Add component (AddParameter): Name = "Value"; Value = "R1/4W - 1K"; VariantName = "[No Variations]"
Added Component: Designator=R55(R1/4W)
Add component (AddParameter): Name = "Value"; Value = "R1/4W - 1K"; VariantName = "[No Variations]"
Added Component: Designator=R56(R1/4W)
Add component (AddParameter): Name = "Value"; Value = "R1/4W - 1K"; VariantName = "[No Variations]"
Added Component: Designator=R57(R1/4W)
Add component (AddParameter): Name = "Value"; Value = "R1/4W - 1K"; VariantName = "[No Variations]"
Added Component: Designator=R58(R1/4W)
Add component (AddParameter): Name = "Value"; Value = "R1/4W - 1K"; VariantName = "[No Variations]"
Added Component: Designator=R59(R1/4W)
Add component (AddParameter): Name = "Value"; Value = "R1/4W - 1K"; VariantName = "[No Variations]"
Added Component: Designator=R60(R1/4W)
Add component (AddParameter): Name = "Value"; Value = "R1/4W - 1K"; VariantName = "[No Variations]"
Added Component: Designator=R61(R1/4W)
Add component (AddParameter): Name = "Value"; Value = "R1/4W - 1K"; VariantName = "[No Variations]"
Added Component: Designator=R62(R1/4W)
Add component (AddParameter): Name = "Value"; Value = "R1/4W - 1K"; VariantName = "[No Variations]"
Added Component: Designator=R63(R1/4W)
Add component (AddParameter): Name = "Value"; Value = "R1/4W - 1K"; VariantName = "[No Variations]"
Added Component: Designator=R64(R1/4W)
Add component (AddParameter): Name = "Value"; Value = "R1/4W - 1K"; VariantName = "[No Variations]"
Added Component: Designator=R65(R1/4W)
Add component (AddParameter): Name = "Value"; Value = "R1/4W - 1K"; VariantName = "[No Variations]"
Added Component: Designator=R66(R1/4W)
Add component (AddParameter): Name = "Value"; Value = "R1/4W - 1K"; VariantName = "[No Variations]"
Added Component: Designator=R67(R1/4W)
Add component (AddParameter): Name = "Value"; Value = "R1/4W - 1K"; VariantName = "[No Variations]"
Added Component: Designator=R68(R1/4W)
Add component (AddParameter): Name = "Value"; Value = "R1/4W - 1K"; VariantName = "[No Variations]"
Added Component: Designator=R69(R1/4W)
Add component (AddParameter): Name = "Value"; Value = "R1/4W - 1K"; VariantName = "[No Variations]"
Added Component: Designator=R70(R1/4W)
Add component (AddParameter): Name = "Value"; Value = "R1/4W - 1K"; VariantName = "[No Variations]"
Added Component: Designator=R71(R1/4W)
Add component (AddParameter): Name = "Value"; Value = "R1/4W - 1K"; VariantName = "[No Variations]"
Added Component: Designator=R72(R1/4W)
Add component (AddParameter): Name = "Value"; Value = "R1/4W - 1K"; VariantName = "[No Variations]"
Added Component: Designator=R73(R1/4W)
Add component (AddParameter): Name = "Value"; Value = "R1/4W - 1K"; VariantName = "[No Variations]"
Added Component: Designator=R74(R1/4W)
Add component (AddParameter): Name = "Value"; Value = "R1/4W - 1K"; VariantName = "[No Variations]"
Added Component: Designator=R75(R1/4W)
Add component (AddParameter): Name = "Value"; Value = "R1/4W - 1K"; VariantName = "[No Variations]"
Added Component: Designator=R76(R1/4W)
Add component (AddParameter): Name = "Value"; Value = "R1/4W - 1K"; VariantName = "[No Variations]"
Added Component: Designator=R77(R1/4W)
Add component (AddParameter): Name = "Value"; Value = "R1/4W - 1K"; VariantName = "[No Variations]"
Added Component: Designator=R78(R1/4W)
Add component (AddParameter): Name = "Value"; Value = "R1/4W - 1K"; VariantName = "[No Variations]"
Added Component: Designator=R79(R1/4W)
Add component (AddParameter): Name = "Value"; Value = "R1/4W - 1K"; VariantName = "[No Variations]"
Added Component: Designator=R80(R1/4W)
Add component (AddParameter): Name = "Value"; Value = "R1/4W - 1K"; VariantName = "[No Variations]"
Added Component: Designator=R81(R1/4W)
Add component (AddParameter): Name = "Value"; Value = "R1/4W - 1K"; VariantName = "[No Variations]"
Added Component: Designator=R82(R5W)
Add component (AddParameter): Name = "Value"; Value = "R5W - 0,47R"; VariantName = "[No Variations]"
Added Component: Designator=R83(R1/4W)
Add component (AddParameter): Name = "Value"; Value = "R1/4W - 1K"; VariantName = "[No Variations]"
Added Component: Designator=R84(R1/4W)
Add component (AddParameter): Name = "Value"; Value = "R1/4W - 1K"; VariantName = "[No Variations]"
Added Component: Designator=R85(R1/4W)
Add component (AddParameter): Name = "Value"; Value = "R1/4W - 1K"; VariantName = "[No Variations]"
Added Component: Designator=R86(R1/4W)
Add component (AddParameter): Name = "Value"; Value = "R1/4W - 1K"; VariantName = "[No Variations]"
Added Component: Designator=R87(R1/4W)
Add component (AddParameter): Name = "Value"; Value = "R1/4W - 1K"; VariantName = "[No Variations]"
Added Component: Designator=R88(R1/4W)
Add component (AddParameter): Name = "Value"; Value = "R1/4W - 1K"; VariantName = "[No Variations]"
Added Component: Designator=R89(R5W)
Add component (AddParameter): Name = "Value"; Value = "R5W - 0,47R"; VariantName = "[No Variations]"
Added Component: Designator=R90(R1/4W)
Add component (AddParameter): Name = "Value"; Value = "R1/4W - 1K"; VariantName = "[No Variations]"
Added Component: Designator=R91(R1/4W)
Add component (AddParameter): Name = "Value"; Value = "R1/4W - 1K"; VariantName = "[No Variations]"
Added Component: Designator=R92(R1/4W)
Add component (AddParameter): Name = "Value"; Value = "R1/4W - 1K"; VariantName = "[No Variations]"
Added Component: Designator=R93(R1/4W)
Add component (AddParameter): Name = "Value"; Value = "R1/4W - 1K"; VariantName = "[No Variations]"
Added Component: Designator=R94(R1/4W)
Add component (AddParameter): Name = "Value"; Value = "R1/4W - 1K"; VariantName = "[No Variations]"
Added Component: Designator=R95(R1/4W)
Add component (AddParameter): Name = "Value"; Value = "R1/4W - 1K"; VariantName = "[No Variations]"
Added Component: Designator=R96(R1/4W)
Add component (AddParameter): Name = "Value"; Value = "R1/4W - 1K"; VariantName = "[No Variations]"
Added Component: Designator=R97(R1/4W)
Add component (AddParameter): Name = "Value"; Value = "R1/4W - 1K"; VariantName = "[No Variations]"
Added Component: Designator=R98(R1/4W)
Add component (AddParameter): Name = "Value"; Value = "R1/4W - 1K"; VariantName = "[No Variations]"
Added Component: Designator=R99(R1/4W)
Add component (AddParameter): Name = "Value"; Value = "R1/4W - 1K"; VariantName = "[No Variations]"
Added Component: Designator=R100(R1/4W)
Add component (AddParameter): Name = "Value"; Value = "R1/4W - 1K"; VariantName = "[No Variations]"
Added Component: Designator=RV1(VOL-S)
Add component (AddParameter): Name = "Value"; Value = "Volume 50k"; VariantName = "[No Variations]"
Added Component: Designator=RV2(VOL-S)
Add component (AddParameter): Name = "Value"; Value = "Volume 50k"; VariantName = "[No Variations]"
Added Component: Designator=VOL1(VOL-S)
Add component (AddParameter): Name = "Value"; Value = "Volume 50k"; VariantName = "[No Variations]"
Added Component: Designator=VOL2(VOL-S)
Add component (AddParameter): Name = "Value"; Value = "Volume 50k"; VariantName = "[No Variations]"
Added Component: Designator=VOL3(VOL-S)
Add component (AddParameter): Name = "Value"; Value = "Volume 50k"; VariantName = "[No Variations]"
Added Component: Designator=VR1(VOL-S)
Add component (AddParameter): Name = "Value"; Value = "Volume 50k"; VariantName = "[No Variations]"
Added Component: Designator=VR2(VOL-S)
Add component (AddParameter): Name = "Value"; Value = "Volume 50k"; VariantName = "[No Variations]"
Added Component: Designator=VR3(VOL-S)
Add component (AddParameter): Name = "Value"; Value = "Volume 50k"; VariantName = "[No Variations]"
Added Component: Designator=VR4(VOL-S)
Add component (AddParameter): Name = "Value"; Value = "Volume 50k"; VariantName = "[No Variations]"
Added Component: Designator=VR5(VOL-S)
Add component (AddParameter): Name = "Value"; Value = "Volume 50k"; VariantName = "[No Variations]"
Added Component: Designator=VR6(VOL-S)
Add component (AddParameter): Name = "Value"; Value = "Volume 50k"; VariantName = "[No Variations]"
Added Component: Designator=VR7(VOL-S)
Add component (AddParameter): Name = "Value"; Value = "Volume 50k"; VariantName = "[No Variations]"
Added Component: Designator=VR8(VOL-S)
Add component (AddParameter): Name = "Value"; Value = "Volume 50k"; VariantName = "[No Variations]"
Added Component: Designator=VR9(VOL-S)
Add component (AddParameter): Name = "Value"; Value = "Volume 50k"; VariantName = "[No Variations]"
Added Component: Designator=VR10(VOL-S)
Add component (AddParameter): Name = "Value"; Value = "Volume 50k"; VariantName = "[No Variations]"
Added Component: Designator=VR11(VOL-S)
Add component (AddParameter): Name = "Value"; Value = "Volume 50k"; VariantName = "[No Variations]"
Added Component: Designator=VR12(VOL-S)
Add component (AddParameter): Name = "Value"; Value = "Volume 50k"; VariantName = "[No Variations]"
Added Component: Designator=VR13(VOL-S)
Add component (AddParameter): Name = "Value"; Value = "Volume 50k"; VariantName = "[No Variations]"
Added Component: Designator=VR14(VOL-S)
Add component (AddParameter): Name = "Value"; Value = "Volume 50k"; VariantName = "[No Variations]"
Added Component: Designator=VR15(VOL-S)
Add component (AddParameter): Name = "Value"; Value = "Volume 50k"; VariantName = "[No Variations]"
Added Component: Designator=VR16(VOL-S)
Add component (AddParameter): Name = "Value"; Value = "Volume 50k"; VariantName = "[No Variations]"
Added Component: Designator=VR17(VOL-S)
Add component (AddParameter): Name = "Value"; Value = "Volume 50k"; VariantName = "[No Variations]"
Added Component: Designator=VR18(VOL-S)
Add component (AddParameter): Name = "Value"; Value = "Volume 50k"; VariantName = "[No Variations]"
Added Component: Designator=VR19(VOL-S)
Add component (AddParameter): Name = "Value"; Value = "Volume 50k"; VariantName = "[No Variations]"
Added Component: Designator=VR20(VOL-S)
Add component (AddParameter): Name = "Value"; Value = "Volume 50k"; VariantName = "[No Variations]"
Added Component: Designator=VR21(VOL-S)
Add component (AddParameter): Name = "Value"; Value = "Volume 50k"; VariantName = "[No Variations]"
Added Component: Designator=VR22(VOL-S)
Add component (AddParameter): Name = "Value"; Value = "Volume 50k"; VariantName = "[No Variations]"
Added Component: Designator=VR23(VOL-S)
Add component (AddParameter): Name = "Value"; Value = "Volume 50k"; VariantName = "[No Variations]"
Added Component: Designator=VR24(VOL-S)
Add component (AddParameter): Name = "Value"; Value = "Volume 50k"; VariantName = "[No Variations]"
Added Pin To Net: NetName=+12V Pin=C21-1
Added Pin To Net: NetName=+12V Pin=C22-2
Added Pin To Net: NetName=+12V Pin=IC1-3
Added Pin To Net: NetName=+12V Pin=Noi TB1-9
Added Pin To Net: NetName=+12V Pin=Noi TB1-11
Added Pin To Net: NetName=+12V Pin=Q1-2
Added Pin To Net: NetName=+12V Pin=Q2-2
Added Pin To Net: NetName=+12V Pin=R4-2
Added Pin To Net: NetName=+12V Pin=R5-2
Added Pin To Net: NetName=+12V Pin=R29-2
Added Pin To Net: NetName=+12V Pin=R51-2
Added Pin To Net: NetName=+12V Pin=VR5-1
Added Net: Name=+12V
Added Pin To Net: NetName=-12V Pin=C24-2
Added Pin To Net: NetName=-12V Pin=C25-1
Added Pin To Net: NetName=-12V Pin=IC2-2
Added Pin To Net: NetName=-12V Pin=R35-1
Added Pin To Net: NetName=-12V Pin=R36-1
Added Pin To Net: NetName=-12V Pin=R67-1
Added Pin To Net: NetName=-12V Pin=R76-2
Added Pin To Net: NetName=-12V Pin=R81-2
Added Net: Name=-12V
Added Pin To Net: NetName=2 Pin=R3-1
Added Pin To Net: NetName=2 Pin=R11-2
Added Net: Name=2
Added Pin To Net: NetName=3 Pin=R39-1
Added Pin To Net: NetName=3 Pin=R41-2
Added Net: Name=3
Added Pin To Net: NetName=5 Pin=R49-1
Added Net: Name=5
Added Pin To Net: NetName=6 Pin=R17-2
Added Pin To Net: NetName=6 Pin=R24-2
Added Net: Name=6
Added Pin To Net: NetName=8 Pin=Q1-3
Added Net: Name=8
Added Pin To Net: NetName=9 Pin=Q2-1
Added Pin To Net: NetName=9 Pin=R30-2
Added Pin To Net: NetName=9 Pin=R46-2
Added Net: Name=9
Added Pin To Net: NetName=10 Pin=R28-1
Added Net: Name=10
Added Pin To Net: NetName=24 Pin=C27-2
Added Pin To Net: NetName=24 Pin=C29-1
Added Pin To Net: NetName=24 Pin=IC3-3
Added Pin To Net: NetName=24 Pin=Noi TB1-7
Added Net: Name=24
Added Pin To Net: NetName=A1 Pin=D5-1
Added Pin To Net: NetName=A1 Pin=Noi VXL1-1
Added Pin To Net: NetName=A1 Pin=R37-2
Added Pin To Net: NetName=A1 Pin=VR7-1
Added Pin To Net: NetName=A1 Pin=VR7-2
Added Net: Name=A1
Added Pin To Net: NetName=A2 Pin=D6-1
Added Pin To Net: NetName=A2 Pin=Noi VXL1-3
Added Pin To Net: NetName=A2 Pin=R38-2
Added Pin To Net: NetName=A2 Pin=VR8-1
Added Pin To Net: NetName=A2 Pin=VR8-2
Added Net: Name=A2
Added Pin To Net: NetName=A3 Pin=D8-1
Added Pin To Net: NetName=A3 Pin=Noi VXL1-5
Added Pin To Net: NetName=A3 Pin=R68-2
Added Pin To Net: NetName=A3 Pin=VR15-1
Added Pin To Net: NetName=A3 Pin=VR15-2
Added Net: Name=A3
Added Pin To Net: NetName=A4 Pin=D3-2
Added Pin To Net: NetName=A4 Pin=D4-2
Added Pin To Net: NetName=A4 Pin=Noi VXL1-7
Added Pin To Net: NetName=A4 Pin=VR6-2
Added Pin To Net: NetName=A4 Pin=VR6-3
Added Net: Name=A4
Added Pin To Net: NetName=GND Pin=C4-2
Added Pin To Net: NetName=GND Pin=C20-2
Added Pin To Net: NetName=GND Pin=C21-2
Added Pin To Net: NetName=GND Pin=C22-1
Added Pin To Net: NetName=GND Pin=C23-1
Added Pin To Net: NetName=GND Pin=C24-1
Added Pin To Net: NetName=GND Pin=C25-2
Added Pin To Net: NetName=GND Pin=C27-1
Added Pin To Net: NetName=GND Pin=C28-2
Added Pin To Net: NetName=GND Pin=C29-2
Added Pin To Net: NetName=GND Pin=D4-1
Added Pin To Net: NetName=GND Pin=D19-1
Added Pin To Net: NetName=GND Pin=D20-1
Added Pin To Net: NetName=GND Pin=IC1-2
Added Pin To Net: NetName=GND Pin=IC2-1
Added Pin To Net: NetName=GND Pin=IC3-2
Added Pin To Net: NetName=GND Pin=Noi TB1-2
Added Pin To Net: NetName=GND Pin=Noi TB1-4
Added Pin To Net: NetName=GND Pin=Noi TB1-6
Added Pin To Net: NetName=GND Pin=Noi VXL1-2
Added Pin To Net: NetName=GND Pin=Noi VXL1-4
Added Pin To Net: NetName=GND Pin=Noi VXL1-6
Added Pin To Net: NetName=GND Pin=Noi VXL1-8
Added Pin To Net: NetName=GND Pin=Noi VXL1-10
Added Pin To Net: NetName=GND Pin=Noi VXL1-12
Added Pin To Net: NetName=GND Pin=R17-1
Added Pin To Net: NetName=GND Pin=R26-1
Added Pin To Net: NetName=GND Pin=R27-1
Added Pin To Net: NetName=GND Pin=R30-1
Added Pin To Net: NetName=GND Pin=R31-1
Added Pin To Net: NetName=GND Pin=R32-1
Added Pin To Net: NetName=GND Pin=R37-1
Added Pin To Net: NetName=GND Pin=R38-1
Added Pin To Net: NetName=GND Pin=R39-2
Added Pin To Net: NetName=GND Pin=R47-1
Added Pin To Net: NetName=GND Pin=R48-1
Added Pin To Net: NetName=GND Pin=R61-1
Added Pin To Net: NetName=GND Pin=R62-2
Added Pin To Net: NetName=GND Pin=R65-1
Added Pin To Net: NetName=GND Pin=R68-1
Added Pin To Net: NetName=GND Pin=R69-2
Added Pin To Net: NetName=GND Pin=R70-1
Added Pin To Net: NetName=GND Pin=R73-1
Added Pin To Net: NetName=GND Pin=R77-1
Added Pin To Net: NetName=GND Pin=R78-1
Added Pin To Net: NetName=GND Pin=R80-1
Added Pin To Net: NetName=GND Pin=R82-1
Added Pin To Net: NetName=GND Pin=R87-2
Added Pin To Net: NetName=GND Pin=R88-2
Added Pin To Net: NetName=GND Pin=R89-1
Added Pin To Net: NetName=GND Pin=R94-1
Added Pin To Net: NetName=GND Pin=R96-2
Added Pin To Net: NetName=GND Pin=R97-2
Added Pin To Net: NetName=GND Pin=R99-1
Added Pin To Net: NetName=GND Pin=RV1-3
Added Pin To Net: NetName=GND Pin=RV2-3
Added Pin To Net: NetName=GND Pin=VOL1-3
Added Pin To Net: NetName=GND Pin=VOL2-3
Added Pin To Net: NetName=GND Pin=VOL3-3
Added Pin To Net: NetName=GND Pin=VR1-3
Added Pin To Net: NetName=GND Pin=VR2-3
Added Pin To Net: NetName=GND Pin=VR3-2
Added Pin To Net: NetName=GND Pin=VR3-3
Added Pin To Net: NetName=GND Pin=VR4-2
Added Pin To Net: NetName=GND Pin=VR4-3
Added Pin To Net: NetName=GND Pin=VR5-3
Added Pin To Net: NetName=GND Pin=VR9-3
Added Pin To Net: NetName=GND Pin=VR10-3
Added Pin To Net: NetName=GND Pin=VR11-3
Added Pin To Net: NetName=GND Pin=VR12-3
Added Pin To Net: NetName=GND Pin=VR13-3
Added Pin To Net: NetName=GND Pin=VR14-2
Added Pin To Net: NetName=GND Pin=VR14-3
Added Pin To Net: NetName=GND Pin=VR16-3
Added Pin To Net: NetName=GND Pin=VR18-3
Added Pin To Net: NetName=GND Pin=VR19-3
Added Pin To Net: NetName=GND Pin=VR21-3
Added Pin To Net: NetName=GND Pin=VR22-3
Added Net: Name=GND
Added Pin To Net: NetName=h13 Pin=R8-2
Added Pin To Net: NetName=h13 Pin=R25-2
Added Net: Name=h13
Added Pin To Net: NetName=IPl Pin=Noi TB1-10
Added Pin To Net: NetName=IPl Pin=Q5-2
Added Pin To Net: NetName=IPl Pin=Q6-2
Added Net: Name=IPl
Added Pin To Net: NetName=IPr Pin=Noi TB1-12
Added Pin To Net: NetName=IPr Pin=Q3-2
Added Pin To Net: NetName=IPr Pin=Q4-2
Added Net: Name=IPr
Added Pin To Net: NetName=KL-76 Pin=C4-1
Added Pin To Net: NetName=KL-76 Pin=Noi TB1-8
Added Pin To Net: NetName=KL-76 Pin=R11-1
Added Net: Name=KL-76
Added Pin To Net: NetName=NetC1_2 Pin=R3-2
Added Pin To Net: NetName=NetC1_2 Pin=R8-1
Added Net: Name=NetC1_2
Added Pin To Net: NetName=NetC2_1 Pin=R4-1
Added Pin To Net: NetName=NetC2_1 Pin=VOL1-1
Added Pin To Net: NetName=NetC2_1 Pin=VR1-1
Added Net: Name=NetC2_1
Added Pin To Net: NetName=NetC3_1 Pin=R5-1
Added Pin To Net: NetName=NetC3_1 Pin=VOL2-1
Added Pin To Net: NetName=NetC3_1 Pin=VR2-1
Added Net: Name=NetC3_1
Added Pin To Net: NetName=NetC7_1 Pin=R29-1
Added Pin To Net: NetName=NetC7_1 Pin=R40-2
Added Pin To Net: NetName=NetC7_1 Pin=VR9-1
Added Net: Name=NetC7_1
Added Pin To Net: NetName=NetC8_1 Pin=R35-2
Added Pin To Net: NetName=NetC8_1 Pin=VR10-1
Added Net: Name=NetC8_1
Added Pin To Net: NetName=NetC9_1 Pin=R36-2
Added Pin To Net: NetName=NetC9_1 Pin=VR11-1
Added Net: Name=NetC9_1
Added Pin To Net: NetName=NetC10_1 Pin=R40-1
Added Pin To Net: NetName=NetC10_1 Pin=VR12-1
Added Net: Name=NetC10_1
Added Pin To Net: NetName=NetC11_1 Pin=R51-1
Added Pin To Net: NetName=NetC11_1 Pin=VOL3-1
Added Pin To Net: NetName=NetC11_1 Pin=VR13-1
Added Net: Name=NetC11_1
Added Pin To Net: NetName=NetC13_1 Pin=R67-2
Added Pin To Net: NetName=NetC13_1 Pin=VR16-1
Added Net: Name=NetC13_1
Added Pin To Net: NetName=NetC14_2 Pin=R76-1
Added Pin To Net: NetName=NetC14_2 Pin=RV1-1
Added Net: Name=NetC14_2
Added Pin To Net: NetName=NetC16_1 Pin=R84-2
Added Pin To Net: NetName=NetC16_1 Pin=R86-2
Added Net: Name=NetC16_1
Added Pin To Net: NetName=NetC16_2 Pin=R84-1
Added Pin To Net: NetName=NetC16_2 Pin=R92-2
Added Net: Name=NetC16_2
Added Pin To Net: NetName=NetC17_2 Pin=R81-1
Added Pin To Net: NetName=NetC17_2 Pin=RV2-1
Added Net: Name=NetC17_2
Added Pin To Net: NetName=NetC19_1 Pin=R91-2
Added Pin To Net: NetName=NetC19_1 Pin=R93-2
Added Net: Name=NetC19_1
Added Pin To Net: NetName=NetC19_2 Pin=R91-1
Added Pin To Net: NetName=NetC19_2 Pin=R98-2
Added Net: Name=NetC19_2
Added Pin To Net: NetName=NetC20_1 Pin=C20-1
Added Pin To Net: NetName=NetC20_1 Pin=D13-2
Added Pin To Net: NetName=NetC20_1 Pin=D14-2
Added Pin To Net: NetName=NetC20_1 Pin=IC1-1
Added Net: Name=NetC20_1
Added Pin To Net: NetName=NetC23_2 Pin=C23-2
Added Pin To Net: NetName=NetC23_2 Pin=D15-1
Added Pin To Net: NetName=NetC23_2 Pin=D16-1
Added Pin To Net: NetName=NetC23_2 Pin=IC2-3
Added Net: Name=NetC23_2
Added Pin To Net: NetName=NetC26_1 Pin=VR19-1
Added Pin To Net: NetName=NetC26_1 Pin=VR23-2
Added Pin To Net: NetName=NetC26_1 Pin=VR23-3
Added Net: Name=NetC26_1
Added Pin To Net: NetName=NetC26_2 Pin=R86-1
Added Pin To Net: NetName=NetC26_2 Pin=VR23-1
Added Net: Name=NetC26_2
Added Pin To Net: NetName=NetC28_1 Pin=C28-1
Added Pin To Net: NetName=NetC28_1 Pin=D17-2
Added Pin To Net: NetName=NetC28_1 Pin=D18-2
Added Pin To Net: NetName=NetC28_1 Pin=IC3-1
Added Net: Name=NetC28_1
Added Pin To Net: NetName=NetC30_1 Pin=VR22-1
Added Pin To Net: NetName=NetC30_1 Pin=VR24-2
Added Pin To Net: NetName=NetC30_1 Pin=VR24-3
Added Net: Name=NetC30_1
Added Pin To Net: NetName=NetC30_2 Pin=R93-1
Added Pin To Net: NetName=NetC30_2 Pin=VR24-1
Added Net: Name=NetC30_2
Added Pin To Net: NetName=NetD3_1 Pin=D3-1
Added Pin To Net: NetName=NetD3_1 Pin=R24-1
Added Net: Name=NetD3_1
Added Pin To Net: NetName=NetD13_1 Pin=D13-1
Added Pin To Net: NetName=NetD13_1 Pin=D15-2
Added Pin To Net: NetName=NetD13_1 Pin=HD1-2
Added Net: Name=NetD13_1
Added Pin To Net: NetName=NetD14_1 Pin=D14-1
Added Pin To Net: NetName=NetD14_1 Pin=D16-2
Added Pin To Net: NetName=NetD14_1 Pin=HD1-1
Added Net: Name=NetD14_1
Added Pin To Net: NetName=NetD17_1 Pin=D17-1
Added Pin To Net: NetName=NetD17_1 Pin=D19-2
Added Pin To Net: NetName=NetD17_1 Pin=HD2-2
Added Net: Name=NetD17_1
Added Pin To Net: NetName=NetD18_1 Pin=D18-1
Added Pin To Net: NetName=NetD18_1 Pin=D20-2
Added Pin To Net: NetName=NetD18_1 Pin=HD2-1
Added Net: Name=NetD18_1
Added Pin To Net: NetName=NetQ1_1 Pin=Q1-1
Added Pin To Net: NetName=NetQ1_1 Pin=Q2-3
Added Net: Name=NetQ1_1
Added Pin To Net: NetName=NetQ3_1 Pin=Q3-1
Added Pin To Net: NetName=NetQ3_1 Pin=Q4-3
Added Net: Name=NetQ3_1
Added Pin To Net: NetName=NetQ5_1 Pin=Q5-1
Added Pin To Net: NetName=NetQ5_1 Pin=Q6-3
Added Net: Name=NetQ5_1
Added Pin To Net: NetName=NetR6_1 Pin=R6-1
Added Pin To Net: NetName=NetR6_1 Pin=R20-1
Added Net: Name=NetR6_1
Added Pin To Net: NetName=NetR6_2 Pin=R6-2
Added Pin To Net: NetName=NetR6_2 Pin=R22-2
Added Net: Name=NetR6_2
Added Pin To Net: NetName=NetR7_1 Pin=R7-1
Added Pin To Net: NetName=NetR7_1 Pin=R21-1
Added Net: Name=NetR7_1
Added Pin To Net: NetName=NetR7_2 Pin=R7-2
Added Pin To Net: NetName=NetR7_2 Pin=R23-2
Added Net: Name=NetR7_2
Added Pin To Net: NetName=NetR9_1 Pin=R9-1
Added Pin To Net: NetName=NetR9_1 Pin=VR1-2
Added Net: Name=NetR9_1
Added Pin To Net: NetName=NetR10_1 Pin=R10-1
Added Pin To Net: NetName=NetR10_1 Pin=VR2-2
Added Net: Name=NetR10_1
Added Pin To Net: NetName=NetR12_1 Pin=R12-1
Added Pin To Net: NetName=NetR12_1 Pin=R15-2
Added Net: Name=NetR12_1
Added Pin To Net: NetName=NetR13_1 Pin=R13-1
Added Pin To Net: NetName=NetR13_1 Pin=R16-2
Added Net: Name=NetR13_1
Added Pin To Net: NetName=NetR15_1 Pin=R15-1
Added Pin To Net: NetName=NetR15_1 Pin=VR3-1
Added Net: Name=NetR15_1
Added Pin To Net: NetName=NetR16_1 Pin=R16-1
Added Pin To Net: NetName=NetR16_1 Pin=VR4-1
Added Net: Name=NetR16_1
Added Pin To Net: NetName=NetR18_2 Pin=R18-2
Added Pin To Net: NetName=NetR18_2 Pin=VOL1-2
Added Net: Name=NetR18_2
Added Pin To Net: NetName=NetR19_2 Pin=R19-2
Added Pin To Net: NetName=NetR19_2 Pin=VOL2-2
Added Net: Name=NetR19_2
Added Pin To Net: NetName=NetR25_1 Pin=R25-1
Added Pin To Net: NetName=NetR25_1 Pin=VR6-1
Added Net: Name=NetR25_1
Added Pin To Net: NetName=NetR28_2 Pin=R28-2
Added Pin To Net: NetName=NetR28_2 Pin=VR5-2
Added Net: Name=NetR28_2
Added Pin To Net: NetName=NetR31_2 Pin=R31-2
Added Net: Name=NetR31_2
Added Pin To Net: NetName=NetR32_2 Pin=R32-2
Added Net: Name=NetR32_2
Added Pin To Net: NetName=NetR33_2 Pin=R33-2
Added Pin To Net: NetName=NetR33_2 Pin=VR7-3
Added Net: Name=NetR33_2
Added Pin To Net: NetName=NetR34_2 Pin=R34-2
Added Pin To Net: NetName=NetR34_2 Pin=VR8-3
Added Net: Name=NetR34_2
Added Pin To Net: NetName=NetR41_1 Pin=R41-1
Added Pin To Net: NetName=NetR41_1 Pin=VR9-2
Added Net: Name=NetR41_1
Added Pin To Net: NetName=NetR42_1 Pin=R42-1
Added Pin To Net: NetName=NetR42_1 Pin=VR10-2
Added Net: Name=NetR42_1
Added Pin To Net: NetName=NetR43_1 Pin=R43-1
Added Pin To Net: NetName=NetR43_1 Pin=VR11-2
Added Net: Name=NetR43_1
Added Pin To Net: NetName=NetR49_2 Pin=R49-2
Added Pin To Net: NetName=NetR49_2 Pin=VR12-2
Added Net: Name=NetR49_2
Added Pin To Net: NetName=NetR52_1 Pin=R52-1
Added Pin To Net: NetName=NetR52_1 Pin=R58-1
Added Net: Name=NetR52_1
Added Pin To Net: NetName=NetR52_2 Pin=R52-2
Added Pin To Net: NetName=NetR52_2 Pin=R59-2
Added Net: Name=NetR52_2
Added Pin To Net: NetName=NetR53_1 Pin=R53-1
Added Pin To Net: NetName=NetR53_1 Pin=VR13-2
Added Net: Name=NetR53_1
Added Pin To Net: NetName=NetR54_1 Pin=R54-1
Added Pin To Net: NetName=NetR54_1 Pin=R55-2
Added Net: Name=NetR54_1
Added Pin To Net: NetName=NetR55_1 Pin=R55-1
Added Pin To Net: NetName=NetR55_1 Pin=VR14-1
Added Net: Name=NetR55_1
Added Pin To Net: NetName=NetR56_2 Pin=R56-2
Added Pin To Net: NetName=NetR56_2 Pin=R64-1
Added Net: Name=NetR56_2
Added Pin To Net: NetName=NetR57_2 Pin=R57-2
Added Pin To Net: NetName=NetR57_2 Pin=VOL3-2
Added Net: Name=NetR57_2
Added Pin To Net: NetName=NetR60_2 Pin=R60-2
Added Pin To Net: NetName=NetR60_2 Pin=R75-1
Added Net: Name=NetR60_2
Added Pin To Net: NetName=NetR62_1 Pin=R62-1
Added Net: Name=NetR62_1
Added Pin To Net: NetName=NetR63_1 Pin=R63-1
Added Pin To Net: NetName=NetR63_1 Pin=R70-2
Added Net: Name=NetR63_1
Added Pin To Net: NetName=NetR64_2 Pin=R64-2
Added Net: Name=NetR64_2
Added Pin To Net: NetName=NetR65_2 Pin=R65-2
Added Net: Name=NetR65_2
Added Pin To Net: NetName=NetR66_2 Pin=R66-2
Added Pin To Net: NetName=NetR66_2 Pin=VR15-3
Added Net: Name=NetR66_2
Added Pin To Net: NetName=NetR69_1 Pin=R69-1
Added Net: Name=NetR69_1
Added Pin To Net: NetName=NetR71_1 Pin=R71-1
Added Pin To Net: NetName=NetR71_1 Pin=VR16-2
Added Net: Name=NetR71_1
Added Pin To Net: NetName=NetR72_1 Pin=R72-1
Added Pin To Net: NetName=NetR72_1 Pin=R78-2
Added Net: Name=NetR72_1
Added Pin To Net: NetName=NetR75_2 Pin=R75-2
Added Net: Name=NetR75_2
Added Pin To Net: NetName=NetR79_1 Pin=R79-1
Added Pin To Net: NetName=NetR79_1 Pin=RV1-2
Added Net: Name=NetR79_1
Added Pin To Net: NetName=NetR83_1 Pin=R83-1
Added Pin To Net: NetName=NetR83_1 Pin=VR17-2
Added Pin To Net: NetName=NetR83_1 Pin=VR17-3
Added Net: Name=NetR83_1
Added Pin To Net: NetName=NetR85_1 Pin=R85-1
Added Pin To Net: NetName=NetR85_1 Pin=RV2-2
Added Net: Name=NetR85_1
Added Pin To Net: NetName=NetR87_1 Pin=R87-1
Added Net: Name=NetR87_1
Added Pin To Net: NetName=NetR88_1 Pin=R88-1
Added Net: Name=NetR88_1
Added Pin To Net: NetName=NetR90_1 Pin=R90-1
Added Pin To Net: NetName=NetR90_1 Pin=VR20-2
Added Pin To Net: NetName=NetR90_1 Pin=VR20-3
Added Net: Name=NetR90_1
Added Pin To Net: NetName=NetR92_1 Pin=R92-1
Added Pin To Net: NetName=NetR92_1 Pin=VR18-2
Added Net: Name=NetR92_1
Added Pin To Net: NetName=NetR94_2 Pin=R94-2
Added Net: Name=NetR94_2
Added Pin To Net: NetName=NetR95_1 Pin=R95-1
Added Pin To Net: NetName=NetR95_1 Pin=VR17-1
Added Net: Name=NetR95_1
Added Pin To Net: NetName=NetR95_2 Pin=R95-2
Added Pin To Net: NetName=NetR95_2 Pin=VR19-2
Added Net: Name=NetR95_2
Added Pin To Net: NetName=NetR96_1 Pin=R96-1
Added Net: Name=NetR96_1
Added Pin To Net: NetName=NetR97_1 Pin=R97-1
Added Net: Name=NetR97_1
Added Pin To Net: NetName=NetR98_1 Pin=R98-1
Added Pin To Net: NetName=NetR98_1 Pin=VR21-2
Added Net: Name=NetR98_1
Added Pin To Net: NetName=NetR99_2 Pin=R99-2
Added Net: Name=NetR99_2
Added Pin To Net: NetName=NetR100_1 Pin=R100-1
Added Pin To Net: NetName=NetR100_1 Pin=VR20-1
Added Net: Name=NetR100_1
Added Pin To Net: NetName=NetR100_2 Pin=R100-2
Added Pin To Net: NetName=NetR100_2 Pin=VR22-2
Added Net: Name=NetR100_2
Added Pin To Net: NetName=PWM3 Pin=Noi VXL1-9
Added Pin To Net: NetName=PWM3 Pin=VR21-1
Added Net: Name=PWM3
Added Pin To Net: NetName=PWM5 Pin=Noi VXL1-11
Added Pin To Net: NetName=PWM5 Pin=VR18-1
Added Net: Name=PWM5
Added Pin To Net: NetName=r3a Pin=R1-2
Added Pin To Net: NetName=r3a Pin=R9-2
Added Net: Name=r3a
Added Pin To Net: NetName=r3b Pin=R2-2
Added Pin To Net: NetName=r3b Pin=R10-2
Added Net: Name=r3b
Added Pin To Net: NetName=r3c Pin=R50-2
Added Pin To Net: NetName=r3c Pin=R53-2
Added Net: Name=r3c
Added Pin To Net: NetName=r9a Pin=R22-1
Added Pin To Net: NetName=r9a Pin=R33-1
Added Net: Name=r9a
Added Pin To Net: NetName=r9b Pin=R23-1
Added Pin To Net: NetName=r9b Pin=R34-1
Added Net: Name=r9b
Added Pin To Net: NetName=r9c Pin=R59-1
Added Pin To Net: NetName=r9c Pin=R66-1
Added Net: Name=r9c
Added Pin To Net: NetName=r10a Pin=R26-2
Added Pin To Net: NetName=r10a Pin=R42-2
Added Net: Name=r10a
Added Pin To Net: NetName=r10b Pin=R27-2
Added Pin To Net: NetName=r10b Pin=R43-2
Added Net: Name=r10b
Added Pin To Net: NetName=r10c Pin=R61-2
Added Pin To Net: NetName=r10c Pin=R71-2
Added Net: Name=r10c
Added Pin To Net: NetName=r12a Pin=R18-1
Added Net: Name=r12a
Added Pin To Net: NetName=r12b Pin=R19-1
Added Net: Name=r12b
Added Pin To Net: NetName=r12c Pin=R57-1
Added Net: Name=r12c
Added Pin To Net: NetName=r13a Pin=R44-2
Added Pin To Net: NetName=r13a Pin=R47-2
Added Net: Name=r13a
Added Pin To Net: NetName=r13b Pin=R45-2
Added Pin To Net: NetName=r13b Pin=R48-2
Added Net: Name=r13b
Added Pin To Net: NetName=r13c Pin=R74-2
Added Pin To Net: NetName=r13c Pin=R77-2
Added Net: Name=r13c
Added Pin To Net: NetName=r14a Pin=D5-2
Added Pin To Net: NetName=r14a Pin=R44-1
Added Net: Name=r14a
Added Pin To Net: NetName=r14b Pin=D6-2
Added Pin To Net: NetName=r14b Pin=R45-1
Added Net: Name=r14b
Added Pin To Net: NetName=r14c Pin=D8-2
Added Pin To Net: NetName=r14c Pin=R74-1
Added Net: Name=r14c
Added Pin To Net: NetName=Tc Pin=Noi TB1-3
Added Pin To Net: NetName=Tc Pin=R2-1
Added Pin To Net: NetName=Tc Pin=R13-2
Added Pin To Net: NetName=Tc Pin=R21-2
Added Net: Name=Tc
Added Pin To Net: NetName=Th Pin=Noi TB1-1
Added Pin To Net: NetName=Th Pin=R1-1
Added Pin To Net: NetName=Th Pin=R12-2
Added Pin To Net: NetName=Th Pin=R20-2
Added Net: Name=Th
Added Pin To Net: NetName=Tt Pin=Noi TB1-5
Added Pin To Net: NetName=Tt Pin=R50-1
Added Pin To Net: NetName=Tt Pin=R54-2
Added Pin To Net: NetName=Tt Pin=R58-2
Added Net: Name=Tt
Added Pin To Net: NetName=v3a Pin=R79-2
Added Net: Name=v3a
Added Pin To Net: NetName=v3 Pin=R85-2
Added Net: Name=v3
Added Pin To Net: NetName=v6a Pin=R56-1
Added Pin To Net: NetName=v6a Pin=R63-2
Added Pin To Net: NetName=v6a Pin=R83-2
Added Net: Name=v6a
Added Pin To Net: NetName=v6 Pin=R60-1
Added Pin To Net: NetName=v6 Pin=R72-2
Added Pin To Net: NetName=v6 Pin=R90-2
Added Net: Name=v6
Added Pin To Net: NetName=v8a Pin=Q3-3
Added Net: Name=v8a
Added Pin To Net: NetName=v8 Pin=Q5-3
Added Net: Name=v8
Added Pin To Net: NetName=v9a Pin=Q4-1
Added Pin To Net: NetName=v9a Pin=R73-2
Added Pin To Net: NetName=v9a Pin=R82-2
Added Net: Name=v9a
Added Pin To Net: NetName=v9 Pin=Q6-1
Added Pin To Net: NetName=v9 Pin=R80-2
Added Pin To Net: NetName=v9 Pin=R89-2
Added Net: Name=v9
Added Class: Name=SCH
Added Room: Name=SCH
